franz             1660  386-Makefile
franz              216  COPYING
franz             2106  COPYRIGHT
franz             8821  Makefile
franz             7361  ReadMe
franz             1342  ReadMe.386
franz           339786  cliszt
franz            29930  cliszt/in-c
franz           408489  doc
franz           754394  franz
franz            60523  franz/68k
franz            42521  franz/h
franz            48880  franz/i386
franz            68227  franz/tahoe
franz            69140  franz/vax
franz             4094  lispconf
franz          1308799  lisplib
franz             3407  lisplib/autorun
franz           603599  lisplib/manual
franz            12168  man
franz             5032  utils
